Arguments: 
  /home/steve/.nvm/versions/node/v12.16.1/bin/node /usr/share/yarn/bin/yarn.js

PATH: 
  /home/steve/.nvm/versions/node/v12.16.1/bin:/usr/local/bin:/usr/local/sbin:/home/steve/.nvm/versions/node/v12.16.1/bin:/home/steve/.rvm/gems/ruby-2.5.1/bin:/home/steve/.rvm/gems/ruby-2.5.1@global/bin:/home/steve/.rvm/rubies/ruby-2.5.1/bin:/usr/sbin:/usr/bin:/sbin:/bin:/usr/games:/usr/local/games:/snap/bin:/home/steve/.rvm/bin:/home/steve/.rvm/bin:/home/steve/.rvm/bin

Yarn version: 
  1.22.4

Node version: 
  12.16.1

Platform: 
  linux x64

Trace: 
  SyntaxError: /home/steve/tech_interviews/rps_challenge/package.json: Unexpected token } in JSON at position 1293
      at JSON.parse (<anonymous>)
      at /usr/share/yarn/lib/cli.js:1625:59
      at Generator.next (<anonymous>)
      at step (/usr/share/yarn/lib/cli.js:310:30)
      at /usr/share/yarn/lib/cli.js:321:13

npm manifest: 
  {
    "name": "rps_challenge",
    "version": "0.1.0",
    "private": true,
    "dependencies": {
      "@testing-library/jest-dom": "^4.2.4",
      "@testing-library/react": "^9.3.2",
      "@testing-library/user-event": "^7.1.2",
      "react": "^16.13.1",
      "react-dom": "^16.13.1",
      "react-scripts": "3.4.1"
    },
    "scripts": {
      "start": "react-scripts start",
      "start:silent": "BROWSER=none react-scripts start",
      "cy:open": "cypress open",
      "cypress": "start-server-and-test start:silent http://localhost:3000/ cy:open",
      "build": "react-scripts build",
      "test": "react-scripts test",
      "eject": "react-scripts eject"
    },
    "eslintConfig": {
      "extends": "react-app"
    },
    "browserslist": {
      "production": [
        ">0.2%",
        "not dead",
        "not op_mini all"
      ],
      "development": [
        "last 1 chrome version",
        "last 1 firefox version",
        "last 1 safari version"
      ]
    },
    "devDependencies": {
      "@babel/cli": "^7.8.4",
      "@babel/core": "^7.9.0",
      "@babel/plugin-proposal-class-properties": "^7.8.3",
      "@babel/preset-env": "^7.9.5",
      "@babel/preset-react": "^7.9.4",
      "css-loader": "1.0.0",
      "cypress": "^4.4.1",
      "start-server-and-test": "^1.11.0",
      "style-loader": "0.23.0",
      "uglifyjs-webpack-plugin": "^2.2.0",
    }
  }

yarn manifest: 
  No manifest

Lockfile: 
  No lockfile
